
> web-app@0.1.0 dev
> next dev

 ⚠ Port 3000 is in use, trying 3001 instead.
 ⚠ Port 3001 is in use, trying 3002 instead.
  ▲ Next.js 14.2.13
  - Local:        http://localhost:3002

 ✓ Starting...
 ✓ Ready in 2.7s
 ○ Compiling / ...
 ✓ Compiled / in 4.9s (567 modules)
 HEAD / 200 in 5173ms
 GET / 200 in 37ms
 ○ Compiling /components ...
 ✓ Compiled /components in 4.8s (831 modules)
 GET /components 200 in 5179ms
 ✓ Compiled /favicon.ico in 233ms (386 modules)
 GET /favicon.ico 200 in 345ms
 ○ Compiling /components/display-results ...
 ✓ Compiled /components/display-results in 2.8s (1452 modules)
 GET /favicon.ico 200 in 66ms
 ○ Compiling /components/voting-interface ...
 ✓ Compiled /components/voting-interface in 833ms (1529 modules)
 GET /favicon.ico 200 in 53ms
 ○ Compiling /components/register-voter ...
 ✓ Compiled /components/register-voter in 510ms (1544 modules)
 GET /favicon.ico 200 in 54ms
 ✓ Compiled /components/connect-wallet in 500ms (1553 modules)
 GET /favicon.ico 200 in 53ms
 GET /favicon.ico 200 in 10ms
 GET /favicon.ico 200 in 14ms
 GET /favicon.ico 200 in 11ms
 GET /favicon.ico 200 in 11ms
