0 verbose cli /usr/bin/node /usr/bin/npm
1 info using npm@10.8.2
2 info using node@v20.17.0
3 silly config load:file:/usr/lib/node_modules/npm/npmrc
4 silly config load:file:/home/user/web-app/.npmrc
5 silly config load:file:/home/user/.npmrc
6 silly config load:file:/usr/etc/npmrc
7 verbose title npm run dev
8 verbose argv "run" "dev"
9 verbose logfile logs-max:10 dir:/home/user/.npm/_logs/2024-10-14T00_27_24_503Z-
10 verbose logfile /home/user/.npm/_logs/2024-10-14T00_27_24_503Z-debug-0.log
11 silly logfile done cleaning log files
12 http fetch GET 200 https://registry.npmjs.org/npm 182ms
13 verbose cwd /home/user/web-app
14 verbose os Linux 5.10.186+
15 verbose node v20.17.0
16 verbose npm  v10.8.2
17 notice
17 notice New minor version of npm available! 10.8.2 -> 10.9.0
17 notice Changelog: https://github.com/npm/cli/releases/tag/v10.9.0
17 notice To update run: npm install -g npm@10.9.0
17 notice  { force: true, [Symbol(proc-log.meta)]: true }
18 verbose exit 0
19 info ok
