
> web-app@0.1.0 dev
> next dev

 ⚠ Port 3000 is in use, trying 3001 instead.
 ⚠ Port 3001 is in use, trying 3002 instead.
 ⚠ Port 3002 is in use, trying 3003 instead.
 ⚠ Port 3003 is in use, trying 3004 instead.
 ⚠ Port 3004 is in use, trying 3005 instead.
 ⚠ Port 3005 is in use, trying 3006 instead.
  ▲ Next.js 14.2.13
  - Local:        http://localhost:3006

 ✓ Starting...
 ✓ Ready in 1901ms
 ○ Compiling / ...
 ⚠ ./components/sidebar.tsx
Attempted import error: 'TallyIcon' is not exported from '__barrel_optimize__?names=HomeIcon,InfoIcon,TallyIcon,UserPlusIcon,VoteIcon!=!lucide-react' (imported as 'TallyIcon').

Import trace for requested module:
./components/sidebar.tsx

./components/sidebar.tsx
Attempted import error: 'TallyIcon' is not exported from '__barrel_optimize__?names=HomeIcon,InfoIcon,TallyIcon,UserPlusIcon,VoteIcon!=!lucide-react' (imported as 'TallyIcon').

Import trace for requested module:
./components/sidebar.tsx
Warning: React.jsx: type is invalid -- expected a string (for built-in components) or a class/function (for composite components) but got: undefined. You likely forgot to export your component from the file it's defined in, or you might have mixed up default and named imports.
    at Sidebar (webpack-internal:///(ssr)/./components/sidebar.tsx:20:80)
    at Lazy
    at div
    at InnerLayoutRouter (webpack-internal:///(ssr)/./node_modules/next/dist/client/components/layout-router.js:242:11)
    at RedirectErrorBoundary (webpack-internal:///(ssr)/./node_modules/next/dist/client/components/redirect-boundary.js:73:9)
    at RedirectBoundary (webpack-internal:///(ssr)/./node_modules/next/dist/client/components/redirect-boundary.js:81:11)
    at NotFoundErrorBoundary (webpack-internal:///(ssr)/./node_modules/next/dist/client/components/not-found-boundary.js:76:9)
    at NotFoundBoundary (webpack-internal:///(ssr)/./node_modules/next/dist/client/components/not-found-boundary.js:84:11)
    at LoadingBoundary (webpack-internal:///(ssr)/./node_modules/next/dist/client/components/layout-router.js:347:11)
    at ErrorBoundary (webpack-internal:///(ssr)/./node_modules/next/dist/client/components/error-boundary.js:158:11)
    at InnerScrollAndFocusHandler (webpack-internal:///(ssr)/./node_modules/next/dist/client/components/layout-router.js:153:9)
    at ScrollAndFocusHandler (webpack-internal:///(ssr)/./node_modules/next/dist/client/components/layout-router.js:228:11)
    at RenderFromTemplateContext (webpack-internal:///(ssr)/./node_modules/next/dist/client/components/render-from-template-context.js:16:44)
    at Lazy
    at OuterLayoutRouter (webpack-internal:///(ssr)/./node_modules/next/dist/client/components/layout-router.js:367:11)
    at Lazy
    at body
    at html
    at RedirectErrorBoundary (webpack-internal:///(ssr)/./node_modules/next/dist/client/components/redirect-boundary.js:73:9)
    at RedirectBoundary (webpack-internal:///(ssr)/./node_modules/next/dist/client/components/redirect-boundary.js:81:11)
    at ReactDevOverlay (webpack-internal:///(ssr)/./node_modules/next/dist/client/components/react-dev-overlay/app/ReactDevOverlay.js:87:9)
    at HotReload (webpack-internal:///(ssr)/./node_modules/next/dist/client/components/react-dev-overlay/app/hot-reloader-client.js:322:11)
    at Router (webpack-internal:///(ssr)/./node_modules/next/dist/client/components/app-router.js:202:11)
    at ErrorBoundaryHandler (webpack-internal:///(ssr)/./node_modules/next/dist/client/components/error-boundary.js:112:9)
    at ErrorBoundary (webpack-internal:///(ssr)/./node_modules/next/dist/client/components/error-boundary.js:158:11)
    at AppRouter (webpack-internal:///(ssr)/./node_modules/next/dist/client/components/app-router.js:564:13)
    at Lazy
    at r3 (/home/user/web-app/node_modules/next/dist/compiled/next-server/app-page.runtime.dev.js:39:18568)
    at r3 (/home/user/web-app/node_modules/next/dist/compiled/next-server/app-page.runtime.dev.js:39:18568)
    at ServerInsertedHTMLProvider (/home/user/web-app/node_modules/next/dist/compiled/next-server/app-page.runtime.dev.js:39:24006)
 HEAD / 500 in 3053ms
 ⨯ Internal error: Error: Element type is invalid: expected a string (for built-in components) or a class/function (for composite components) but got: undefined. You likely forgot to export your component from the file it's defined in, or you might have mixed up default and named imports.
    at aw (/home/user/web-app/node_modules/next/dist/compiled/next-server/app-page.runtime.dev.js:35:46775)
    at a_ (/home/user/web-app/node_modules/next/dist/compiled/next-server/app-page.runtime.dev.js:35:49776)
    at aj (/home/user/web-app/node_modules/next/dist/compiled/next-server/app-page.runtime.dev.js:35:53793)
    at aC (/home/user/web-app/node_modules/next/dist/compiled/next-server/app-page.runtime.dev.js:35:52874)
    at a_ (/home/user/web-app/node_modules/next/dist/compiled/next-server/app-page.runtime.dev.js:35:50095)
    at aj (/home/user/web-app/node_modules/next/dist/compiled/next-server/app-page.runtime.dev.js:35:53793)
    at /home/user/web-app/node_modules/next/dist/compiled/next-server/app-page.runtime.dev.js:35:42336
    at aw (/home/user/web-app/node_modules/next/dist/compiled/next-server/app-page.runtime.dev.js:35:42822)
    at a_ (/home/user/web-app/node_modules/next/dist/compiled/next-server/app-page.runtime.dev.js:35:49776)
    at aj (/home/user/web-app/node_modules/next/dist/compiled/next-server/app-page.runtime.dev.js:35:53793)
    at /home/user/web-app/node_modules/next/dist/compiled/next-server/app-page.runtime.dev.js:35:42336
    at aw (/home/user/web-app/node_modules/next/dist/compiled/next-server/app-page.runtime.dev.js:35:42822)
    at a_ (/home/user/wenpm notice
npm notice New minor version of npm available! 10.8.2 -> 10.9.0
npm notice Changelog: https://github.com/npm/cli/releases/tag/v10.9.0
npm notice To update run: npm install -g npm@10.9.0
npm notice
/user/web-app/node_modules/next/dist/compiled/next-server/app-page.runtime.dev.js:35:52874)
    at a_ (/home/user/web-app/node_modules/next/dist/compiled/next-server/app-page.runtime.dev.js:35:50095)
    at aj (/home/user/web-app/node_modules/next/dist/compiled/next-server/app-page.runtime.dev.js:35:53793)
    at /home/user/web-app/node_modules/next/dist/compiled/next-server/app-page.runtime.dev.js:35:42336
    at aw (/home/user/web-app/node_modules/next/dist/compiled/next-server/app-page.runtime.dev.js:35:42822)
    at a_ (/home/user/web-app/node_modules/next/dist/compiled/next-server/app-page.runtime.dev.js:35:49776)
    at aj (/home/user/web-app/node_modules/next/dist/compiled/next-server/app-page.runtime.dev.js:35:53793)
    at /home/user/web-app/node_modules/next/dist/compiled/next-server/app-page.runtime.dev.js:35:42336
    at aw (/home/user/web-app/node_modules/next/dist/compiled/next-server/app-page.runtime.dev.js:35:42822)
    at a_ (/home/user/web-app/node_modules/next/dist/compiled/next-server/app-page.runtime.dev.js:35:49776)
    at aj (/home/user/web-app/node_modules/next/dist/compiled/next-server/app-page.runtime.dev.js:35:53793)
    at aC (/home/user/web-app/node_modules/next/dist/compiled/next-server/app-page.runtime.dev.js:35:52874)
    at a_ (/home/user/web-app/node_modules/next/dist/compiled/next-server/app-page.runtime.dev.js:35:50095)
    at aj (/home/user/web-app/node_modules/next/dist/compiled/next-server/app-page.runtime.dev.js:35:53793)
    at /home/user/web-app/node_modules/next/dist/compiled/next-server/app-page.runtime.dev.js:35:42336
    at aw (/home/user/web-app/node_modules/next/dist/compiled/next-server/app-page.runtime.dev.js:35:42822)
    at a_ (/home/user/web-app/node_modules/next/dist/compiled/next-server/app-page.runtime.dev.js:35:49776)
    at aj (/home/user/web-app/node_modules/next/dist/compiled/next-server/app-page.runtime.dev.js:35:53793)
    at /home/user/web-app/node_modules/next/dist/compiled/next-server/app-page.runtime.dev.js:35:42336
    at aw (/home/user/web-app/node_modules/next/dist/compiled/next-server/app-page.runtime.dev.js:35:42822)
    at a_ (/home/user/web-app/node_modules/next/dist/compiled/next-server/app-page.runtime.dev.js:35:49776)
    at ab (/home/user/web-app/node_modules/next/dist/compiled/next-server/app-page.runtime.dev.js:35:11808)
    at /home/user/web-app/node_modules/next/dist/compiled/next-server/app-page.runtime.dev.js:35:16871
    at aw (/home/user/web-app/node_modules/next/dist/compiled/next-server/app-page.runtime.dev.js:35:16908)
    at aw (/home/user/web-app/node_modules/next/dist/compiled/next-server/app-page.runtime.dev.js:35:46505)
    at a_ (/home/user/web-app/node_modules/next/dist/compiled/next-server/app-page.runtime.dev.js:35:49776)
    at aj (/home/user/web-app/node_modules/next/dist/compiled/next-server/app-page.runtime.dev.js:35:53793)
    at aC (/home/user/web-app/node_modules/next/dist/compiled/next-server/app-page.runtime.dev.js:35:52874)
    at a_ (/home/user/web-app/node_modules/next/dist/compiled/next-server/app-page.runtime.dev.js:35:50095)
    at aj (/home/user/web-app/node_modules/next/dist/compiled/next-server/app-page.runtime.dev.js:35:53793)
    at /home/user/web-app/node_modules/next/dist/compiled/next-server/app-page.runtime.dev.js:35:42336
    at aw (/home/user/web-app/node_modules/next/dist/compiled/next-server/app-page.runtime.dev.js:35:42822)
    at a_ (/home/user/web-app/node_modules/next/dist/compiled/next-server/app-page.runtime.dev.js:35:49776)
    at aj (/home/user/web-app/node_modules/next/dist/compiled/next-server/app-page.runtime.dev.js:35:53793)
    at aC (/home/user/web-app/node_modules/next/dist/compiled/next-server/app-page.runtime.dev.js:35:52874)
    at a_ (/home/user/web-app/node_modules/next/dist/compiled/next-server/app-page.runtime.dev.js:35:50095)
digest: "671283788"
